[debug] [2025-07-25T02:51:28.084Z] ----------------------------------------------------------------------
[debug] [2025-07-25T02:51:28.086Z] Command:       /usr/local/nvm/versions/node/v22.16.0/bin/node /usr/local/node_packages/node_modules/.bin/firebase init hosting
[debug] [2025-07-25T02:51:28.087Z] CLI Version:   13.28.0
[debug] [2025-07-25T02:51:28.087Z] Platform:      linux
[debug] [2025-07-25T02:51:28.087Z] Node Version:  v22.16.0
[debug] [2025-07-25T02:51:28.088Z] Time:          Fri Jul 25 2025 02:51:28 GMT+0000 (Coordinated Universal Time)
[debug] [2025-07-25T02:51:28.088Z] ----------------------------------------------------------------------
[debug] 
[debug] [2025-07-25T02:51:28.098Z] > command requires scopes: ["email","openid","https://www.googleapis.com/auth/cloudplatformprojects.readonly","https://www.googleapis.com/auth/firebase","https://www.googleapis.com/auth/cloud-platform"]
[debug] [2025-07-25T02:51:28.098Z] > authorizing via signed-in user (bywordofmouthcatering@gmail.com)
[info] 
     ######## #### ########  ######## ########     ###     ######  ########
     ##        ##  ##     ## ##       ##     ##  ##   ##  ##       ##
     ######    ##  ########  ######   ########  #########  ######  ######
     ##        ##  ##    ##  ##       ##     ## ##     ##       ## ##
     ##       #### ##     ## ######## ########  ##     ##  ######  ########

You're about to initialize a Firebase project in this directory:

  /home/bywordofmouthcatering/bywordofmouth-legal

[info] 
=== Project Setup
[info] 
[info] First, let's associate this project directory with a Firebase project.
[info] You can create multiple project aliases by running firebase use --add, 
[info] but for now we'll just set up a default project.
[info] 
[debug] [2025-07-25T02:51:37.228Z] Checked if tokens are valid: true, expires at: 1753414671720
[debug] [2025-07-25T02:51:37.228Z] Checked if tokens are valid: true, expires at: 1753414671720
[debug] [2025-07-25T02:51:37.230Z] >>> [apiv2][query] GET https://firebase.googleapis.com/v1beta1/availableProjects pageSize=100
[debug] [2025-07-25T02:51:37.434Z] <<< [apiv2][status] GET https://firebase.googleapis.com/v1beta1/availableProjects 403
[debug] [2025-07-25T02:51:37.434Z] <<< [apiv2][body] GET https://firebase.googleapis.com/v1beta1/availableProjects [omitted]
[debug] [2025-07-25T02:51:37.435Z] Request to https://firebase.googleapis.com/v1beta1/availableProjects?pageSize=100 had HTTP Error: 403, Firebase Management API has not been used in project durable-trainer-466014-h8 before or it is disabled. Enable it by visiting https://console.developers.google.com/apis/api/firebase.googleapis.com/overview?project=durable-trainer-466014-h8 then retry. If you enabled this API recently, wait a few minutes for the action to propagate to our systems and retry.
[debug] [2025-07-25T02:51:37.453Z] FirebaseError: Request to https://firebase.googleapis.com/v1beta1/availableProjects?pageSize=100 had HTTP Error: 403, Firebase Management API has not been used in project durable-trainer-466014-h8 before or it is disabled. Enable it by visiting https://console.developers.google.com/apis/api/firebase.googleapis.com/overview?project=durable-trainer-466014-h8 then retry. If you enabled this API recently, wait a few minutes for the action to propagate to our systems and retry.
    at responseToError (/usr/local/node_packages/node_modules/firebase-tools/lib/responseToError.js:52:12)
    at RetryOperation._fn (/usr/local/node_packages/node_modules/firebase-tools/lib/apiv2.js:312:77)
    at process.processTicksAndRejections (node:internal/process/task_queues:105:5)
[error] 
[error] Error: Failed to list available Google Cloud Platform projects. See firebase-debug.log for more info.
